TN:
SF:src\App.tsx
FN:8,(anonymous_0)
FN:9,(anonymous_1)
FN:10,(anonymous_2)
FN:11,(anonymous_3)
FN:13,SectionLoader
FN:21,App
FNF:6
FNH:0
FNDA:0,(anonymous_0)
FNDA:0,(anonymous_1)
FNDA:0,(anonymous_2)
FNDA:0,(anonymous_3)
FNDA:0,SectionLoader
FNDA:0,App
DA:8,0
DA:9,0
DA:10,0
DA:11,0
DA:14,0
DA:22,0
LF:6
LH:0
BRF:0
BRH:0
end_of_record
TN:
SF:src\components\Footer.tsx
FN:1,Footer
FNF:1
FNH:0
FNDA:0,Footer
DA:2,0
LF:1
LH:0
BRF:0
BRH:0
end_of_record
TN:
SF:src\components\Navbar.tsx
FN:1,Navbar
FNF:1
FNH:0
FNDA:0,Navbar
DA:2,0
LF:1
LH:0
BRF:0
BRH:0
end_of_record
TN:
SF:src\components\ParticlesBackground.tsx
FN:1,ParticlesBackground
FNF:1
FNH:0
FNDA:0,ParticlesBackground
DA:2,0
LF:1
LH:0
BRF:0
BRH:0
end_of_record
TN:
SF:src\components\index.ts
FNF:0
FNH:0
LF:0
LH:0
BRF:0
BRH:0
end_of_record
TN:
SF:src\components\animations\FadeIn.tsx
FN:10,getOffset
FN:24,FadeIn
FNF:2
FNH:0
FNDA:0,getOffset
FNDA:0,FadeIn
DA:11,0
DA:13,0
DA:15,0
DA:17,0
DA:20,0
DA:29,0
DA:30,0
DA:31,0
DA:33,0
LF:9
LH:0
BRDA:11,0,0,0
BRDA:11,0,1,0
BRDA:11,0,2,0
BRDA:11,0,3,0
BRDA:11,0,4,0
BRDA:26,1,0,0
BRDA:27,2,0,0
BRDA:37,3,0,0
BRDA:37,3,1,0
BRF:9
BRH:0
end_of_record
TN:
SF:src\components\animations\ScaleIn.tsx
FN:8,ScaleIn
FNF:1
FNH:0
FNDA:0,ScaleIn
DA:9,0
LF:1
LH:0
BRDA:8,0,0,0
BRF:1
BRH:0
end_of_record
TN:
SF:src\components\animations\StaggerContainer.tsx
FN:8,StaggerContainer
FNF:1
FNH:0
FNDA:0,StaggerContainer
DA:12,0
LF:1
LH:0
BRDA:10,0,0,0
BRF:1
BRH:0
end_of_record
TN:
SF:src\components\animations\index.ts
FNF:0
FNH:0
LF:0
LH:0
BRF:0
BRH:0
end_of_record
TN:
SF:src\components\layout\Background.tsx
FN:3,Background
FNF:1
FNH:0
FNDA:0,Background
DA:4,0
LF:1
LH:0
BRF:0
BRH:0
end_of_record
TN:
SF:src\components\layout\Footer.tsx
FN:10,Footer
FN:27,(anonymous_1)
FNF:2
FNH:2
FNDA:1,Footer
FNDA:4,(anonymous_1)
DA:3,1
DA:11,1
DA:28,4
LF:3
LH:3
BRF:0
BRH:0
end_of_record
TN:
SF:src\components\layout\Navbar.tsx
FN:15,Navbar
FN:18,(anonymous_1)
FN:20,(anonymous_2)
FN:21,(anonymous_3)
FN:24,(anonymous_4)
FN:43,(anonymous_5)
FN:76,(anonymous_6)
FN:76,(anonymous_7)
FN:92,(anonymous_8)
FN:97,(anonymous_9)
FN:102,(anonymous_10)
FNF:11
FNH:9
FNDA:5,Navbar
FNDA:20,(anonymous_1)
FNDA:3,(anonymous_2)
FNDA:3,(anonymous_3)
FNDA:3,(anonymous_4)
FNDA:20,(anonymous_5)
FNDA:1,(anonymous_6)
FNDA:1,(anonymous_7)
FNDA:8,(anonymous_8)
FNDA:0,(anonymous_9)
FNDA:0,(anonymous_10)
DA:8,2
DA:16,5
DA:17,5
DA:18,20
DA:20,5
DA:21,3
DA:22,3
DA:23,3
DA:24,3
DA:27,5
DA:44,20
DA:45,20
DA:76,1
DA:93,8
DA:97,0
DA:102,0
LF:16
LH:14
BRDA:34,0,0,0
BRDA:34,0,1,5
BRDA:51,1,0,5
BRDA:51,1,1,15
BRDA:55,2,0,5
BRDA:55,2,1,15
BRDA:75,3,0,2
BRDA:75,3,1,3
BRDA:78,4,0,2
BRDA:78,4,1,3
BRDA:83,5,0,2
BRDA:83,5,1,3
BRF:12
BRH:11
end_of_record
TN:
SF:src\components\layout\index.ts
FNF:0
FNH:0
LF:0
LH:0
BRF:0
BRH:0
end_of_record
TN:
SF:src\components\sections\About.tsx
FN:15,Timeline
FN:19,(anonymous_1)
FN:40,About
FN:111,(anonymous_3)
FNF:4
FNH:0
FNDA:0,Timeline
FNDA:0,(anonymous_1)
FNDA:0,About
FNDA:0,(anonymous_3)
DA:16,0
DA:20,0
DA:41,0
DA:47,0
DA:112,0
LF:5
LH:0
BRF:0
BRH:0
end_of_record
TN:
SF:src\components\sections\Contact.tsx
FN:25,ContactForm
FN:124,Contact
FN:125,(anonymous_2)
FN:130,(anonymous_3)
FN:164,(anonymous_4)
FNF:5
FNH:5
FNDA:2,ContactForm
FNDA:2,Contact
FNDA:2,(anonymous_2)
FNDA:2,(anonymous_3)
FNDA:6,(anonymous_4)
DA:19,2
DA:26,2
DA:27,2
DA:29,2
DA:30,0
DA:45,2
DA:125,2
DA:126,2
DA:127,2
DA:130,2
DA:131,2
DA:132,2
DA:135,2
DA:165,6
DA:166,6
LF:15
LH:14
BRDA:26,0,0,2
BRDA:26,0,1,2
BRDA:29,1,0,0
BRDA:29,1,1,2
BRDA:127,2,0,2
BRDA:127,2,1,2
BRDA:165,3,0,6
BRDA:165,3,1,0
BRDA:170,4,0,2
BRDA:170,4,1,4
BRDA:171,5,0,2
BRDA:171,5,1,4
BRF:12
BRH:10
end_of_record
TN:
SF:src\components\sections\Hero.tsx
FN:17,Hero
FN:19,(anonymous_1)
FN:106,(anonymous_2)
FNF:3
FNH:3
FNDA:1,Hero
FNDA:1,(anonymous_1)
FNDA:3,(anonymous_2)
DA:11,1
DA:18,1
DA:19,1
DA:21,1
DA:107,3
LF:5
LH:5
BRDA:79,0,0,1
BRDA:79,0,1,0
BRF:2
BRH:1
end_of_record
TN:
SF:src\components\sections\Projects.tsx
FN:19,ProjectCard
FN:55,(anonymous_1)
FN:75,Projects
FN:80,(anonymous_3)
FN:80,(anonymous_4)
FN:85,(anonymous_5)
FN:85,(anonymous_6)
FN:90,(anonymous_7)
FN:92,(anonymous_8)
FN:94,(anonymous_9)
FN:141,(anonymous_10)
FN:151,(anonymous_11)
FN:186,(anonymous_12)
FN:189,(anonymous_13)
FN:210,(anonymous_14)
FN:215,(anonymous_15)
FN:221,(anonymous_16)
FNF:17
FNH:17
FNDA:16,ProjectCard
FNDA:59,(anonymous_1)
FNDA:6,Projects
FNDA:3,(anonymous_3)
FNDA:3,(anonymous_4)
FNDA:3,(anonymous_5)
FNDA:12,(anonymous_6)
FNDA:4,(anonymous_7)
FNDA:12,(anonymous_8)
FNDA:4,(anonymous_9)
FNDA:18,(anonymous_10)
FNDA:60,(anonymous_11)
FNDA:66,(anonymous_12)
FNDA:1,(anonymous_13)
FNDA:16,(anonymous_14)
FNDA:1,(anonymous_15)
FNDA:1,(anonymous_16)
DA:20,16
DA:56,59
DA:76,6
DA:77,6
DA:79,6
DA:80,3
DA:84,6
DA:85,12
DA:89,6
DA:91,4
DA:92,12
DA:94,4
DA:99,6
DA:142,18
DA:152,60
DA:187,66
DA:189,1
DA:211,16
DA:215,1
DA:221,1
LF:20
LH:20
BRDA:30,0,0,11
BRDA:30,0,1,5
BRDA:58,1,0,11
BRDA:58,1,1,5
BRDA:66,2,0,16
BRDA:66,2,1,0
BRDA:67,3,0,0
BRDA:67,3,1,16
BRDA:91,4,0,3
BRDA:91,4,1,1
BRDA:94,5,0,4
BRDA:94,5,1,3
BRDA:101,6,0,6
BRDA:101,6,1,0
BRDA:110,7,0,6
BRDA:110,7,1,0
BRDA:139,8,0,6
BRDA:139,8,1,0
BRDA:157,9,0,6
BRDA:157,9,1,0
BRDA:168,10,0,6
BRDA:168,10,1,0
BRDA:192,11,0,6
BRDA:192,11,1,60
BRF:24
BRH:17
end_of_record
TN:
SF:src\components\sections\Skills.tsx
FN:60,Skills
FN:75,(anonymous_1)
FN:87,(anonymous_2)
FN:109,(anonymous_3)
FNF:4
FNH:0
FNDA:0,Skills
FNDA:0,(anonymous_1)
FNDA:0,(anonymous_2)
FNDA:0,(anonymous_3)
DA:18,0
DA:41,0
DA:61,0
DA:62,0
DA:63,0
DA:65,0
DA:76,0
DA:77,0
DA:88,0
DA:110,0
LF:10
LH:0
BRF:0
BRH:0
end_of_record
TN:
SF:src\components\ui\AvatarPlaceholder.tsx
FN:5,AvatarPlaceholder
FNF:1
FNH:1
FNDA:1,AvatarPlaceholder
DA:6,1
LF:1
LH:1
BRDA:5,0,0,1
BRF:1
BRH:1
end_of_record
TN:
SF:src\components\ui\Badge.tsx
FN:21,Badge
FNF:1
FNH:1
FNDA:136,Badge
DA:14,2
DA:27,136
LF:2
LH:2
BRDA:23,0,0,136
BRF:1
BRH:1
end_of_record
TN:
SF:src\components\ui\Button.tsx
FN:43,Button
FNF:1
FNH:1
FNDA:25,Button
DA:26,6
DA:37,6
DA:59,25
DA:64,25
DA:75,25
DA:83,25
DA:84,23
DA:99,2
LF:8
LH:8
BRDA:44,0,0,25
BRDA:45,1,0,25
BRDA:47,2,0,25
BRDA:48,3,0,25
BRDA:56,4,0,25
BRDA:59,5,0,17
BRDA:59,5,1,8
BRDA:60,6,0,17
BRDA:60,6,1,1
BRDA:65,7,0,17
BRDA:65,7,1,8
BRDA:65,8,0,25
BRDA:65,8,1,18
BRDA:68,9,0,0
BRDA:68,9,1,25
BRDA:69,10,0,1
BRDA:69,10,1,24
BRDA:69,11,0,25
BRDA:69,11,1,18
BRDA:83,12,0,23
BRDA:83,12,1,2
BRDA:103,13,0,2
BRDA:103,13,1,2
BRF:23
BRH:22
end_of_record
TN:
SF:src\components\ui\Card.tsx
FN:21,Card
FNF:1
FNH:0
FNDA:0,Card
DA:15,0
DA:28,0
LF:2
LH:0
BRDA:24,0,0,0
BRDA:25,1,0,0
BRDA:38,2,0,0
BRDA:38,2,1,0
BRF:4
BRH:0
end_of_record
TN:
SF:src\components\ui\CountUp.tsx
FN:10,CountUp
FN:21,(anonymous_1)
FN:27,(anonymous_2)
FN:41,(anonymous_3)
FNF:4
FNH:2
FNDA:6,CountUp
FNDA:3,(anonymous_1)
FNDA:0,(anonymous_2)
FNDA:0,(anonymous_3)
DA:15,6
DA:16,6
DA:17,6
DA:18,6
DA:19,6
DA:21,6
DA:22,3
DA:24,0
DA:25,0
DA:27,0
DA:28,0
DA:29,0
DA:30,0
DA:31,0
DA:32,0
DA:34,0
DA:35,0
DA:39,0
DA:41,0
DA:42,0
DA:46,6
LF:21
LH:8
BRDA:12,0,0,6
BRDA:13,1,0,6
BRDA:22,2,0,3
BRDA:22,2,1,0
BRDA:22,3,0,3
BRDA:22,3,1,0
BRDA:28,4,0,0
BRDA:28,4,1,0
BRDA:34,5,0,0
BRDA:34,5,1,0
BRDA:42,6,0,0
BRDA:42,6,1,0
BRF:12
BRH:4
end_of_record
TN:
SF:src\components\ui\CustomCursor.tsx
FN:4,CustomCursor
FN:17,(anonymous_1)
FN:19,(anonymous_2)
FN:22,(anonymous_3)
FN:25,(anonymous_4)
FN:28,(anonymous_5)
FN:36,(anonymous_6)
FN:43,(anonymous_7)
FN:45,(anonymous_8)
FN:59,(anonymous_9)
FNF:10
FNH:0
FNDA:0,CustomCursor
FNDA:0,(anonymous_1)
FNDA:0,(anonymous_2)
FNDA:0,(anonymous_3)
FNDA:0,(anonymous_4)
FNDA:0,(anonymous_5)
FNDA:0,(anonymous_6)
FNDA:0,(anonymous_7)
FNDA:0,(anonymous_8)
FNDA:0,(anonymous_9)
DA:5,0
DA:6,0
DA:7,0
DA:9,0
DA:10,0
DA:11,0
DA:12,0
DA:13,0
DA:14,0
DA:15,0
DA:17,0
DA:18,0
DA:19,0
DA:20,0
DA:21,0
DA:22,0
DA:25,0
DA:26,0
DA:28,0
DA:29,0
DA:30,0
DA:31,0
DA:32,0
DA:33,0
DA:36,0
DA:37,0
DA:38,0
DA:39,0
DA:40,0
DA:43,0
DA:45,0
DA:46,0
DA:47,0
DA:48,0
DA:49,0
DA:50,0
DA:51,0
DA:54,0
DA:55,0
DA:56,0
DA:57,0
DA:59,0
DA:60,0
DA:61,0
DA:62,0
DA:63,0
DA:67,0
DA:69,0
LF:48
LH:0
BRDA:26,0,0,0
BRDA:26,0,1,0
BRDA:38,1,0,0
BRDA:38,1,1,0
BRDA:63,2,0,0
BRDA:63,2,1,0
BRDA:67,3,0,0
BRDA:67,3,1,0
BRDA:80,4,0,0
BRDA:80,4,1,0
BRDA:81,5,0,0
BRDA:81,5,1,0
BRDA:82,6,0,0
BRDA:82,6,1,0
BRDA:83,7,0,0
BRDA:83,7,1,0
BRDA:98,8,0,0
BRDA:98,8,1,0
BRF:18
BRH:0
end_of_record
TN:
SF:src\components\ui\ProjectModal.tsx
FN:13,ProjectModal
FN:29,(anonymous_1)
FN:63,(anonymous_2)
FN:74,(anonymous_3)
FNF:4
FNH:4
FNDA:6,ProjectModal
FNDA:1,(anonymous_1)
FNDA:3,(anonymous_2)
FNDA:6,(anonymous_3)
DA:14,6
DA:29,1
DA:64,3
DA:75,6
LF:4
LH:4
BRDA:16,0,0,1
BRDA:16,0,1,5
BRDA:32,1,0,1
BRDA:32,1,1,0
BRDA:61,2,0,1
BRDA:61,2,1,0
BRDA:80,3,0,1
BRDA:80,3,1,0
BRDA:91,4,0,0
BRDA:91,4,1,1
BRF:10
BRH:6
end_of_record
TN:
SF:src\components\ui\Section.tsx
FN:10,Section
FNF:1
FNH:1
FNDA:8,Section
DA:11,8
LF:1
LH:1
BRDA:14,0,0,8
BRDA:14,0,1,0
BRF:2
BRH:1
end_of_record
TN:
SF:src\components\ui\StatusBadge.tsx
FN:24,StatusBadge
FNF:1
FNH:1
FNDA:23,StatusBadge
DA:5,2
DA:25,23
DA:27,23
LF:3
LH:3
BRF:0
BRH:0
end_of_record
TN:
SF:src\components\ui\TechIcon.tsx
FN:36,TechIcon
FNF:1
FNH:0
FNDA:0,TechIcon
DA:17,0
DA:37,0
DA:39,0
DA:40,0
DA:50,0
DA:52,0
LF:6
LH:0
BRDA:39,0,0,0
BRDA:39,0,1,0
BRF:2
BRH:0
end_of_record
TN:
SF:src\components\ui\Typewriter.tsx
FN:11,Typewriter
FN:19,(anonymous_1)
FN:26,(anonymous_2)
FN:30,(anonymous_3)
FN:31,(anonymous_4)
FN:36,(anonymous_5)
FN:41,(anonymous_6)
FN:42,(anonymous_7)
FN:51,(anonymous_8)
FNF:9
FNH:4
FNDA:1,Typewriter
FNDA:1,(anonymous_1)
FNDA:1,(anonymous_2)
FNDA:0,(anonymous_3)
FNDA:0,(anonymous_4)
FNDA:0,(anonymous_5)
FNDA:0,(anonymous_6)
FNDA:0,(anonymous_7)
FNDA:1,(anonymous_8)
DA:18,1
DA:19,1
DA:22,1
DA:23,1
DA:24,1
DA:26,1
DA:27,1
DA:29,1
DA:30,0
DA:31,0
DA:34,1
DA:35,0
DA:36,0
DA:37,0
DA:40,1
DA:42,0
DA:43,0
DA:51,1
DA:54,1
LF:19
LH:12
BRDA:14,0,0,1
BRDA:15,1,0,1
BRDA:16,2,0,1
BRDA:19,3,0,1
BRDA:19,3,1,0
BRDA:29,4,0,0
BRDA:29,4,1,1
BRDA:29,5,0,1
BRDA:29,5,1,1
BRDA:34,6,0,0
BRDA:34,6,1,1
BRDA:34,7,0,1
BRDA:34,7,1,0
BRDA:43,8,0,0
BRDA:43,8,1,0
BRDA:48,9,0,0
BRDA:48,9,1,1
BRF:17
BRH:10
end_of_record
TN:
SF:src\components\ui\index.ts
FNF:0
FNH:0
LF:0
LH:0
BRF:0
BRH:0
end_of_record
TN:
SF:src\data\contact.ts
FNF:0
FNH:0
DA:1,3
LF:1
LH:1
BRF:0
BRH:0
end_of_record
TN:
SF:src\data\overview.ts
FNF:0
FNH:0
DA:1,1
LF:1
LH:1
BRF:0
BRH:0
end_of_record
TN:
SF:src\data\projects.ts
FNF:0
FNH:0
DA:16,2
LF:1
LH:1
BRF:0
BRH:0
end_of_record
TN:
SF:src\data\skills.ts
FNF:0
FNH:0
DA:1,0
LF:1
LH:0
BRF:0
BRH:0
end_of_record
TN:
SF:src\hooks\index.ts
FNF:0
FNH:0
LF:0
LH:0
BRF:0
BRH:0
end_of_record
TN:
SF:src\hooks\useMousePosition.ts
FN:3,useMousePosition
FN:6,(anonymous_1)
FN:7,(anonymous_2)
FN:12,(anonymous_3)
FNF:4
FNH:3
FNDA:1,useMousePosition
FNDA:1,(anonymous_1)
FNDA:0,(anonymous_2)
FNDA:1,(anonymous_3)
DA:4,1
DA:6,1
DA:7,1
DA:8,0
DA:11,1
DA:12,1
DA:15,1
LF:7
LH:6
BRF:0
BRH:0
end_of_record
TN:
SF:src\hooks\useScrollSpy.ts
FN:3,useScrollSpy
FN:6,(anonymous_1)
FN:8,(anonymous_2)
FN:9,(anonymous_3)
FN:14,(anonymous_4)
FN:16,(anonymous_5)
FN:17,(anonymous_6)
FN:30,(anonymous_7)
FN:31,(anonymous_8)
FNF:9
FNH:0
FNDA:0,useScrollSpy
FNDA:0,(anonymous_1)
FNDA:0,(anonymous_2)
FNDA:0,(anonymous_3)
FNDA:0,(anonymous_4)
FNDA:0,(anonymous_5)
FNDA:0,(anonymous_6)
FNDA:0,(anonymous_7)
FNDA:0,(anonymous_8)
DA:4,0
DA:6,0
DA:7,0
DA:8,0
DA:9,0
DA:11,0
DA:13,0
DA:15,0
DA:16,0
DA:17,0
DA:19,0
DA:20,0
DA:30,0
DA:31,0
DA:34,0
LF:15
LH:0
BRDA:4,0,0,0
BRDA:4,0,1,0
BRDA:11,1,0,0
BRDA:11,1,1,0
BRDA:19,2,0,0
BRDA:19,2,1,0
BRF:6
BRH:0
end_of_record
TN:
SF:src\lib\cn.ts
FN:4,cn
FNF:1
FNH:1
FNDA:260,cn
DA:5,260
LF:1
LH:1
BRF:0
BRH:0
end_of_record
TN:
SF:src\lib\index.ts
FNF:0
FNH:0
LF:0
LH:0
BRF:0
BRH:0
end_of_record
TN:
SF:src\lib\variants.ts
FNF:0
FNH:0
DA:3,0
DA:8,0
DA:13,0
DA:18,0
DA:25,0
LF:5
LH:0
BRF:0
BRH:0
end_of_record
TN:
SF:src\sections\About.tsx
FN:1,About
FNF:1
FNH:0
FNDA:0,About
DA:2,0
LF:1
LH:0
BRF:0
BRH:0
end_of_record
TN:
SF:src\sections\Contact.tsx
FN:1,Contact
FNF:1
FNH:0
FNDA:0,Contact
DA:2,0
LF:1
LH:0
BRF:0
BRH:0
end_of_record
TN:
SF:src\sections\Hero.tsx
FN:1,Hero
FNF:1
FNH:0
FNDA:0,Hero
DA:2,0
LF:1
LH:0
BRF:0
BRH:0
end_of_record
TN:
SF:src\sections\Projects.tsx
FN:1,Projects
FNF:1
FNH:0
FNDA:0,Projects
DA:2,0
LF:1
LH:0
BRF:0
BRH:0
end_of_record
TN:
SF:src\sections\Skills.tsx
FN:1,Skills
FNF:1
FNH:0
FNDA:0,Skills
DA:2,0
LF:1
LH:0
BRF:0
BRH:0
end_of_record
TN:
SF:src\styles\index.ts
FNF:0
FNH:0
LF:0
LH:0
BRF:0
BRH:0
end_of_record
